2015-12-16 22:25:41,648 [Worker-9] INFO  o.e.m.c.i.l.LifecycleMappingFactory - Using org.eclipse.m2e.jdt.JarLifecycleMapping lifecycle mapping for MavenProject: br.ufabc.impress:ImpressContext:0.0.1-SNAPSHOT @ /home/ivan/impress-dev/ImpressContext/pom.xml.
2015-12-16 22:25:43,389 [Worker-14] INFO  o.e.m.c.i.l.LifecycleMappingFactory - Using org.eclipse.m2e.jdt.JarLifecycleMapping lifecycle mapping for MavenProject: br.ufabc.impress:ImpressContext:0.0.1-SNAPSHOT @ /home/ivan/impress-dev/ImpressContext/pom.xml.
2015-12-16 22:25:47,611 [Worker-14] INFO  o.e.m.c.i.embedder.EclipseLogger - Using 'UTF-8' encoding to copy filtered resources.
2015-12-16 22:25:47,611 [Worker-14] INFO  o.e.m.c.i.embedder.EclipseLogger - skip non existing resourceDirectory /home/ivan/impress-dev/ImpressContext/src/main/resources
2015-12-16 22:25:47,614 [Worker-14] INFO  o.e.m.c.i.embedder.EclipseLogger - Using 'UTF-8' encoding to copy filtered resources.
2015-12-16 22:25:47,614 [Worker-14] INFO  o.e.m.c.i.embedder.EclipseLogger - skip non existing resourceDirectory /home/ivan/impress-dev/ImpressContext/src/test/resources
2015-12-16 22:25:48,052 [Worker-14] INFO  o.e.m.c.i.l.LifecycleMappingFactory - Using org.eclipse.m2e.jdt.JarLifecycleMapping lifecycle mapping for MavenProject: br.ufabc.impress:ImpressContext:0.0.1-SNAPSHOT @ /home/ivan/impress-dev/ImpressContext/pom.xml.
2015-12-16 22:25:49,815 [Worker-9] INFO  o.e.m.c.i.embedder.EclipseLogger - Using 'UTF-8' encoding to copy filtered resources.
2015-12-16 22:25:49,815 [Worker-9] INFO  o.e.m.c.i.embedder.EclipseLogger - skip non existing resourceDirectory /home/ivan/impress-dev/ImpressContext/src/main/resources
2015-12-16 22:25:49,817 [Worker-9] INFO  o.e.m.c.i.embedder.EclipseLogger - Using 'UTF-8' encoding to copy filtered resources.
2015-12-16 22:25:49,817 [Worker-9] INFO  o.e.m.c.i.embedder.EclipseLogger - skip non existing resourceDirectory /home/ivan/impress-dev/ImpressContext/src/test/resources
2015-12-16 22:29:58,641 [Worker-15] INFO  o.e.m.c.i.embedder.EclipseLogger - Using 'UTF-8' encoding to copy filtered resources.
2015-12-16 22:29:58,641 [Worker-15] INFO  o.e.m.c.i.embedder.EclipseLogger - skip non existing resourceDirectory /home/ivan/impress-dev/ImpressContext/src/main/resources
2015-12-16 22:29:58,643 [Worker-15] INFO  o.e.m.c.i.embedder.EclipseLogger - Using 'UTF-8' encoding to copy filtered resources.
2015-12-16 22:29:58,643 [Worker-15] INFO  o.e.m.c.i.embedder.EclipseLogger - skip non existing resourceDirectory /home/ivan/impress-dev/ImpressContext/src/test/resources
2015-12-16 22:30:43,822 [Worker-5] INFO  o.e.m.c.i.embedder.EclipseLogger - Using 'UTF-8' encoding to copy filtered resources.
2015-12-16 22:30:43,822 [Worker-5] INFO  o.e.m.c.i.embedder.EclipseLogger - skip non existing resourceDirectory /home/ivan/impress-dev/ImpressContext/src/main/resources
2015-12-16 22:30:43,823 [Worker-5] INFO  o.e.m.c.i.embedder.EclipseLogger - Using 'UTF-8' encoding to copy filtered resources.
2015-12-16 22:30:43,823 [Worker-5] INFO  o.e.m.c.i.embedder.EclipseLogger - skip non existing resourceDirectory /home/ivan/impress-dev/ImpressContext/src/test/resources
2015-12-16 22:35:15,037 [Worker-17] INFO  o.e.m.c.i.embedder.EclipseLogger - Using 'UTF-8' encoding to copy filtered resources.
2015-12-16 22:35:15,037 [Worker-17] INFO  o.e.m.c.i.embedder.EclipseLogger - skip non existing resourceDirectory /home/ivan/impress-dev/ImpressContext/src/main/resources
2015-12-16 22:35:15,039 [Worker-17] INFO  o.e.m.c.i.embedder.EclipseLogger - Using 'UTF-8' encoding to copy filtered resources.
2015-12-16 22:35:15,039 [Worker-17] INFO  o.e.m.c.i.embedder.EclipseLogger - skip non existing resourceDirectory /home/ivan/impress-dev/ImpressContext/src/test/resources
2015-12-16 22:58:36,553 [Worker-19] INFO  o.e.m.c.i.embedder.EclipseLogger - Using 'UTF-8' encoding to copy filtered resources.
2015-12-16 22:58:36,553 [Worker-19] INFO  o.e.m.c.i.embedder.EclipseLogger - skip non existing resourceDirectory /home/ivan/impress-dev/ImpressContext/src/main/resources
2015-12-16 22:58:36,554 [Worker-19] INFO  o.e.m.c.i.embedder.EclipseLogger - Using 'UTF-8' encoding to copy filtered resources.
2015-12-16 22:58:36,554 [Worker-19] INFO  o.e.m.c.i.embedder.EclipseLogger - skip non existing resourceDirectory /home/ivan/impress-dev/ImpressContext/src/test/resources
2015-12-17 08:24:35,483 [Worker-24] INFO  o.e.m.c.i.embedder.EclipseLogger - Using 'UTF-8' encoding to copy filtered resources.
2015-12-17 08:24:35,486 [Worker-24] INFO  o.e.m.c.i.embedder.EclipseLogger - skip non existing resourceDirectory /home/ivan/impress-dev/ImpressContext/src/main/resources
2015-12-17 08:24:35,488 [Worker-24] INFO  o.e.m.c.i.embedder.EclipseLogger - Using 'UTF-8' encoding to copy filtered resources.
2015-12-17 08:24:35,488 [Worker-24] INFO  o.e.m.c.i.embedder.EclipseLogger - skip non existing resourceDirectory /home/ivan/impress-dev/ImpressContext/src/test/resources
2015-12-17 08:24:36,160 [Worker-23] INFO  o.e.m.c.i.embedder.EclipseLogger - Using 'UTF-8' encoding to copy filtered resources.
2015-12-17 08:24:36,161 [Worker-23] INFO  o.e.m.c.i.embedder.EclipseLogger - skip non existing resourceDirectory /home/ivan/impress-dev/ImpressContext/src/main/resources
2015-12-17 08:24:36,163 [Worker-23] INFO  o.e.m.c.i.embedder.EclipseLogger - Using 'UTF-8' encoding to copy filtered resources.
2015-12-17 08:24:36,164 [Worker-23] INFO  o.e.m.c.i.embedder.EclipseLogger - skip non existing resourceDirectory /home/ivan/impress-dev/ImpressContext/src/test/resources
2015-12-17 08:24:37,377 [Worker-7] INFO  o.e.m.c.i.embedder.EclipseLogger - Using 'UTF-8' encoding to copy filtered resources.
2015-12-17 08:24:37,378 [Worker-7] INFO  o.e.m.c.i.embedder.EclipseLogger - skip non existing resourceDirectory /home/ivan/impress-dev/ImpressContext/src/main/resources
2015-12-17 08:24:37,379 [Worker-7] INFO  o.e.m.c.i.embedder.EclipseLogger - Using 'UTF-8' encoding to copy filtered resources.
2015-12-17 08:24:37,379 [Worker-7] INFO  o.e.m.c.i.embedder.EclipseLogger - skip non existing resourceDirectory /home/ivan/impress-dev/ImpressContext/src/test/resources
2015-12-17 08:50:02,465 [Worker-36] INFO  o.e.m.c.i.embedder.EclipseLogger - Using 'UTF-8' encoding to copy filtered resources.
2015-12-17 08:50:02,465 [Worker-36] INFO  o.e.m.c.i.embedder.EclipseLogger - skip non existing resourceDirectory /home/ivan/impress-dev/ImpressContext/src/main/resources
2015-12-17 08:50:02,467 [Worker-36] INFO  o.e.m.c.i.embedder.EclipseLogger - Using 'UTF-8' encoding to copy filtered resources.
2015-12-17 08:50:02,467 [Worker-36] INFO  o.e.m.c.i.embedder.EclipseLogger - skip non existing resourceDirectory /home/ivan/impress-dev/ImpressContext/src/test/resources
2015-12-17 08:50:05,290 [Worker-38] INFO  o.e.m.c.i.e.AbstractTransferListenerAdapter - Downloading https://repo.maven.apache.org/maven2/org/apache/maven/plugins/maven-war-plugin/2.2/maven-war-plugin-2.2.jar
2015-12-17 08:50:05,836 [Worker-38] INFO  o.e.m.c.i.e.AbstractTransferListenerAdapter - Downloaded https://repo.maven.apache.org/maven2/org/apache/maven/plugins/maven-war-plugin/2.2/maven-war-plugin-2.2.jar
2015-12-17 08:50:06,478 [Worker-38] INFO  o.e.m.c.i.l.LifecycleMappingFactory - Using org.maven.ide.eclipse.wtp.WarLifecycleMapping lifecycle mapping for MavenProject: eu.com.impress:restapi:1.0-SNAPSHOT @ /home/ivan/impress-dev/restapi/pom.xml.
2015-12-17 08:50:06,976 [Worker-38] INFO  o.e.m.c.i.e.AbstractTransferListenerAdapter - Downloaded http://download.eclipse.org/rt/eclipselink/maven.repo/javax/javaee-web-api/6.0/javaee-web-api-6.0.pom
2015-12-17 08:50:08,166 [Worker-38] INFO  o.e.m.c.i.e.AbstractTransferListenerAdapter - Downloaded http://download.java.net/maven/2/javax/javaee-web-api/6.0/javaee-web-api-6.0.pom
2015-12-17 08:50:08,339 [Worker-38] INFO  o.e.m.c.i.e.AbstractTransferListenerAdapter - Downloading https://repo.maven.apache.org/maven2/javax/javaee-web-api/6.0/javaee-web-api-6.0.pom
2015-12-17 08:50:08,509 [Worker-38] INFO  o.e.m.c.i.e.AbstractTransferListenerAdapter - Downloaded https://repo.maven.apache.org/maven2/javax/javaee-web-api/6.0/javaee-web-api-6.0.pom
2015-12-17 08:50:08,937 [Worker-38] INFO  o.e.m.c.i.e.AbstractTransferListenerAdapter - Downloaded http://download.eclipse.org/rt/eclipselink/maven.repo/org/primefaces/primefaces/4.0/primefaces-4.0.pom
2015-12-17 08:50:10,555 [Worker-38] INFO  o.e.m.c.i.e.AbstractTransferListenerAdapter - Downloaded http://download.java.net/maven/2/org/primefaces/primefaces/4.0/primefaces-4.0.pom
2015-12-17 08:50:10,726 [Worker-38] INFO  o.e.m.c.i.e.AbstractTransferListenerAdapter - Downloading https://repo.maven.apache.org/maven2/org/primefaces/primefaces/4.0/primefaces-4.0.pom
2015-12-17 08:50:10,920 [Worker-38] INFO  o.e.m.c.i.e.AbstractTransferListenerAdapter - Downloaded https://repo.maven.apache.org/maven2/org/primefaces/primefaces/4.0/primefaces-4.0.pom
2015-12-17 08:50:11,413 [Worker-38] INFO  o.e.m.c.i.e.AbstractTransferListenerAdapter - Downloaded http://download.eclipse.org/rt/eclipselink/maven.repo/org/jboss/logging/jboss-logging/3.1.4.GA/jboss-logging-3.1.4.GA.pom
2015-12-17 08:50:12,545 [Worker-38] INFO  o.e.m.c.i.e.AbstractTransferListenerAdapter - Downloaded http://download.java.net/maven/2/org/jboss/logging/jboss-logging/3.1.4.GA/jboss-logging-3.1.4.GA.pom
2015-12-17 08:50:12,716 [Worker-38] INFO  o.e.m.c.i.e.AbstractTransferListenerAdapter - Downloading https://repo.maven.apache.org/maven2/org/jboss/logging/jboss-logging/3.1.4.GA/jboss-logging-3.1.4.GA.pom
2015-12-17 08:50:12,890 [Worker-38] INFO  o.e.m.c.i.e.AbstractTransferListenerAdapter - Downloaded https://repo.maven.apache.org/maven2/org/jboss/logging/jboss-logging/3.1.4.GA/jboss-logging-3.1.4.GA.pom
2015-12-17 08:50:13,326 [Worker-38] INFO  o.e.m.c.i.e.AbstractTransferListenerAdapter - Downloaded http://download.eclipse.org/rt/eclipselink/maven.repo/commons-dbcp/commons-dbcp/1.4/commons-dbcp-1.4.pom
2015-12-17 08:50:14,515 [Worker-38] INFO  o.e.m.c.i.e.AbstractTransferListenerAdapter - Downloaded http://download.java.net/maven/2/commons-dbcp/commons-dbcp/1.4/commons-dbcp-1.4.pom
2015-12-17 08:50:14,691 [Worker-38] INFO  o.e.m.c.i.e.AbstractTransferListenerAdapter - Downloading https://repo.maven.apache.org/maven2/commons-dbcp/commons-dbcp/1.4/commons-dbcp-1.4.pom
2015-12-17 08:50:14,866 [Worker-38] INFO  o.e.m.c.i.e.AbstractTransferListenerAdapter - Downloaded https://repo.maven.apache.org/maven2/commons-dbcp/commons-dbcp/1.4/commons-dbcp-1.4.pom
2015-12-17 08:50:15,293 [Worker-38] INFO  o.e.m.c.i.e.AbstractTransferListenerAdapter - Downloaded http://download.eclipse.org/rt/eclipselink/maven.repo/org/apache/commons/commons-parent/12/commons-parent-12.pom
2015-12-17 08:50:16,895 [Worker-38] INFO  o.e.m.c.i.e.AbstractTransferListenerAdapter - Downloaded http://download.java.net/maven/2/org/apache/commons/commons-parent/12/commons-parent-12.pom
2015-12-17 08:50:17,065 [Worker-38] INFO  o.e.m.c.i.e.AbstractTransferListenerAdapter - Downloading https://repo.maven.apache.org/maven2/org/apache/commons/commons-parent/12/commons-parent-12.pom
2015-12-17 08:50:17,255 [Worker-38] INFO  o.e.m.c.i.e.AbstractTransferListenerAdapter - Downloaded https://repo.maven.apache.org/maven2/org/apache/commons/commons-parent/12/commons-parent-12.pom
2015-12-17 08:50:17,686 [Worker-38] INFO  o.e.m.c.i.e.AbstractTransferListenerAdapter - Downloaded http://download.eclipse.org/rt/eclipselink/maven.repo/commons-pool/commons-pool/1.5.4/commons-pool-1.5.4.pom
2015-12-17 08:50:19,134 [Worker-38] INFO  o.e.m.c.i.e.AbstractTransferListenerAdapter - Downloaded http://download.java.net/maven/2/commons-pool/commons-pool/1.5.4/commons-pool-1.5.4.pom
2015-12-17 08:50:19,306 [Worker-38] INFO  o.e.m.c.i.e.AbstractTransferListenerAdapter - Downloading https://repo.maven.apache.org/maven2/commons-pool/commons-pool/1.5.4/commons-pool-1.5.4.pom
2015-12-17 08:50:19,488 [Worker-38] INFO  o.e.m.c.i.e.AbstractTransferListenerAdapter - Downloaded https://repo.maven.apache.org/maven2/commons-pool/commons-pool/1.5.4/commons-pool-1.5.4.pom
2015-12-17 08:50:19,916 [Worker-38] INFO  o.e.m.c.i.e.AbstractTransferListenerAdapter - Downloaded http://download.eclipse.org/rt/eclipselink/maven.repo/cglib/cglib/2.2.2/cglib-2.2.2.pom
2015-12-17 08:50:21,525 [Worker-38] INFO  o.e.m.c.i.e.AbstractTransferListenerAdapter - Downloaded http://download.java.net/maven/2/cglib/cglib/2.2.2/cglib-2.2.2.pom
2015-12-17 08:50:21,696 [Worker-38] INFO  o.e.m.c.i.e.AbstractTransferListenerAdapter - Downloading https://repo.maven.apache.org/maven2/cglib/cglib/2.2.2/cglib-2.2.2.pom
2015-12-17 08:50:21,868 [Worker-38] INFO  o.e.m.c.i.e.AbstractTransferListenerAdapter - Downloaded https://repo.maven.apache.org/maven2/cglib/cglib/2.2.2/cglib-2.2.2.pom
2015-12-17 08:50:22,391 [Worker-38] INFO  o.e.m.c.i.e.AbstractTransferListenerAdapter - Downloaded http://download.eclipse.org/rt/eclipselink/maven.repo/org/jboss/resteasy/resteasy-jaxrs/3.0.10.Final/resteasy-jaxrs-3.0.10.Final.pom
2015-12-17 08:50:23,989 [Worker-38] INFO  o.e.m.c.i.e.AbstractTransferListenerAdapter - Downloaded http://download.java.net/maven/2/org/jboss/resteasy/resteasy-jaxrs/3.0.10.Final/resteasy-jaxrs-3.0.10.Final.pom
2015-12-17 08:50:24,163 [Worker-38] INFO  o.e.m.c.i.e.AbstractTransferListenerAdapter - Downloading https://repo.maven.apache.org/maven2/org/jboss/resteasy/resteasy-jaxrs/3.0.10.Final/resteasy-jaxrs-3.0.10.Final.pom
2015-12-17 08:50:24,336 [Worker-38] INFO  o.e.m.c.i.e.AbstractTransferListenerAdapter - Downloaded https://repo.maven.apache.org/maven2/org/jboss/resteasy/resteasy-jaxrs/3.0.10.Final/resteasy-jaxrs-3.0.10.Final.pom
2015-12-17 08:50:24,767 [Worker-38] INFO  o.e.m.c.i.e.AbstractTransferListenerAdapter - Downloaded http://download.eclipse.org/rt/eclipselink/maven.repo/org/jboss/resteasy/resteasy-jaxrs-all/3.0.10.Final/resteasy-jaxrs-all-3.0.10.Final.pom
2015-12-17 08:50:26,283 [Worker-38] INFO  o.e.m.c.i.e.AbstractTransferListenerAdapter - Downloaded http://download.java.net/maven/2/org/jboss/resteasy/resteasy-jaxrs-all/3.0.10.Final/resteasy-jaxrs-all-3.0.10.Final.pom
2015-12-17 08:50:26,464 [Worker-38] INFO  o.e.m.c.i.e.AbstractTransferListenerAdapter - Downloading https://repo.maven.apache.org/maven2/org/jboss/resteasy/resteasy-jaxrs-all/3.0.10.Final/resteasy-jaxrs-all-3.0.10.Final.pom
2015-12-17 08:50:26,654 [Worker-38] INFO  o.e.m.c.i.e.AbstractTransferListenerAdapter - Downloaded https://repo.maven.apache.org/maven2/org/jboss/resteasy/resteasy-jaxrs-all/3.0.10.Final/resteasy-jaxrs-all-3.0.10.Final.pom
2015-12-17 08:50:27,083 [Worker-38] INFO  o.e.m.c.i.e.AbstractTransferListenerAdapter - Downloaded http://download.eclipse.org/rt/eclipselink/maven.repo/org/jboss/resteasy/jaxrs-api/3.0.10.Final/jaxrs-api-3.0.10.Final.pom
2015-12-17 08:50:28,528 [Worker-38] INFO  o.e.m.c.i.e.AbstractTransferListenerAdapter - Downloaded http://download.java.net/maven/2/org/jboss/resteasy/jaxrs-api/3.0.10.Final/jaxrs-api-3.0.10.Final.pom
2015-12-17 08:50:28,702 [Worker-38] INFO  o.e.m.c.i.e.AbstractTransferListenerAdapter - Downloading https://repo.maven.apache.org/maven2/org/jboss/resteasy/jaxrs-api/3.0.10.Final/jaxrs-api-3.0.10.Final.pom
2015-12-17 08:50:28,873 [Worker-38] INFO  o.e.m.c.i.e.AbstractTransferListenerAdapter - Downloaded https://repo.maven.apache.org/maven2/org/jboss/resteasy/jaxrs-api/3.0.10.Final/jaxrs-api-3.0.10.Final.pom
2015-12-17 08:50:29,311 [Worker-38] INFO  o.e.m.c.i.e.AbstractTransferListenerAdapter - Downloaded http://download.eclipse.org/rt/eclipselink/maven.repo/org/apache/httpcomponents/httpclient/4.2.6/httpclient-4.2.6.pom
2015-12-17 08:50:30,133 [Worker-38] INFO  o.e.m.c.i.e.AbstractTransferListenerAdapter - Downloaded http://download.java.net/maven/2/org/apache/httpcomponents/httpclient/4.2.6/httpclient-4.2.6.pom
2015-12-17 08:50:30,305 [Worker-38] INFO  o.e.m.c.i.e.AbstractTransferListenerAdapter - Downloading https://repo.maven.apache.org/maven2/org/apache/httpcomponents/httpclient/4.2.6/httpclient-4.2.6.pom
2015-12-17 08:50:30,479 [Worker-38] INFO  o.e.m.c.i.e.AbstractTransferListenerAdapter - Downloaded https://repo.maven.apache.org/maven2/org/apache/httpcomponents/httpclient/4.2.6/httpclient-4.2.6.pom
2015-12-17 08:50:30,906 [Worker-38] INFO  o.e.m.c.i.e.AbstractTransferListenerAdapter - Downloaded http://download.eclipse.org/rt/eclipselink/maven.repo/org/apache/httpcomponents/httpcomponents-client/4.2.6/httpcomponents-client-4.2.6.pom
2015-12-17 08:50:32,031 [Worker-38] INFO  o.e.m.c.i.e.AbstractTransferListenerAdapter - Downloaded http://download.java.net/maven/2/org/apache/httpcomponents/httpcomponents-client/4.2.6/httpcomponents-client-4.2.6.pom
2015-12-17 08:50:32,202 [Worker-38] INFO  o.e.m.c.i.e.AbstractTransferListenerAdapter - Downloading https://repo.maven.apache.org/maven2/org/apache/httpcomponents/httpcomponents-client/4.2.6/httpcomponents-client-4.2.6.pom
2015-12-17 08:50:32,381 [Worker-38] INFO  o.e.m.c.i.e.AbstractTransferListenerAdapter - Downloaded https://repo.maven.apache.org/maven2/org/apache/httpcomponents/httpcomponents-client/4.2.6/httpcomponents-client-4.2.6.pom
2015-12-17 08:50:32,808 [Worker-38] INFO  o.e.m.c.i.e.AbstractTransferListenerAdapter - Downloaded http://download.eclipse.org/rt/eclipselink/maven.repo/org/apache/httpcomponents/project/7/project-7.pom
2015-12-17 08:50:33,807 [Worker-38] INFO  o.e.m.c.i.e.AbstractTransferListenerAdapter - Downloaded http://download.java.net/maven/2/org/apache/httpcomponents/project/7/project-7.pom
2015-12-17 08:50:33,984 [Worker-38] INFO  o.e.m.c.i.e.AbstractTransferListenerAdapter - Downloading https://repo.maven.apache.org/maven2/org/apache/httpcomponents/project/7/project-7.pom
2015-12-17 08:50:34,170 [Worker-38] INFO  o.e.m.c.i.e.AbstractTransferListenerAdapter - Downloaded https://repo.maven.apache.org/maven2/org/apache/httpcomponents/project/7/project-7.pom
2015-12-17 08:50:34,609 [Worker-38] INFO  o.e.m.c.i.e.AbstractTransferListenerAdapter - Downloaded http://download.eclipse.org/rt/eclipselink/maven.repo/org/apache/httpcomponents/httpcore/4.2.5/httpcore-4.2.5.pom
2015-12-17 08:50:36,234 [Worker-38] INFO  o.e.m.c.i.e.AbstractTransferListenerAdapter - Downloaded http://download.java.net/maven/2/org/apache/httpcomponents/httpcore/4.2.5/httpcore-4.2.5.pom
2015-12-17 08:50:36,405 [Worker-38] INFO  o.e.m.c.i.e.AbstractTransferListenerAdapter - Downloading https://repo.maven.apache.org/maven2/org/apache/httpcomponents/httpcore/4.2.5/httpcore-4.2.5.pom
2015-12-17 08:50:36,579 [Worker-38] INFO  o.e.m.c.i.e.AbstractTransferListenerAdapter - Downloaded https://repo.maven.apache.org/maven2/org/apache/httpcomponents/httpcore/4.2.5/httpcore-4.2.5.pom
2015-12-17 08:50:37,009 [Worker-38] INFO  o.e.m.c.i.e.AbstractTransferListenerAdapter - Downloaded http://download.eclipse.org/rt/eclipselink/maven.repo/org/apache/httpcomponents/httpcomponents-core/4.2.5/httpcomponents-core-4.2.5.pom
2015-12-17 08:50:38,337 [Worker-38] INFO  o.e.m.c.i.e.AbstractTransferListenerAdapter - Downloaded http://download.java.net/maven/2/org/apache/httpcomponents/httpcomponents-core/4.2.5/httpcomponents-core-4.2.5.pom
2015-12-17 08:50:38,509 [Worker-38] INFO  o.e.m.c.i.e.AbstractTransferListenerAdapter - Downloading https://repo.maven.apache.org/maven2/org/apache/httpcomponents/httpcomponents-core/4.2.5/httpcomponents-core-4.2.5.pom
2015-12-17 08:50:39,144 [Worker-38] INFO  o.e.m.c.i.e.AbstractTransferListenerAdapter - Downloaded https://repo.maven.apache.org/maven2/org/apache/httpcomponents/httpcomponents-core/4.2.5/httpcomponents-core-4.2.5.pom
2015-12-17 08:50:39,591 [Worker-38] INFO  o.e.m.c.i.e.AbstractTransferListenerAdapter - Downloaded http://download.eclipse.org/rt/eclipselink/maven.repo/net/sf/scannotation/scannotation/1.0.2/scannotation-1.0.2.pom
2015-12-17 08:50:41,000 [Worker-38] INFO  o.e.m.c.i.e.AbstractTransferListenerAdapter - Downloaded http://download.java.net/maven/2/net/sf/scannotation/scannotation/1.0.2/scannotation-1.0.2.pom
2015-12-17 08:50:41,172 [Worker-38] INFO  o.e.m.c.i.e.AbstractTransferListenerAdapter - Downloading https://repo.maven.apache.org/maven2/net/sf/scannotation/scannotation/1.0.2/scannotation-1.0.2.pom
2015-12-17 08:50:41,344 [Worker-38] INFO  o.e.m.c.i.e.AbstractTransferListenerAdapter - Downloaded https://repo.maven.apache.org/maven2/net/sf/scannotation/scannotation/1.0.2/scannotation-1.0.2.pom
2015-12-17 08:50:41,773 [Worker-38] INFO  o.e.m.c.i.e.AbstractTransferListenerAdapter - Downloaded http://download.eclipse.org/rt/eclipselink/maven.repo/javassist/javassist/3.6.0.GA/javassist-3.6.0.GA.pom
2015-12-17 08:50:43,392 [Worker-38] INFO  o.e.m.c.i.e.AbstractTransferListenerAdapter - Downloaded http://download.java.net/maven/2/javassist/javassist/3.6.0.GA/javassist-3.6.0.GA.pom
2015-12-17 08:50:43,563 [Worker-38] INFO  o.e.m.c.i.e.AbstractTransferListenerAdapter - Downloading https://repo.maven.apache.org/maven2/javassist/javassist/3.6.0.GA/javassist-3.6.0.GA.pom
2015-12-17 08:50:43,734 [Worker-38] INFO  o.e.m.c.i.e.AbstractTransferListenerAdapter - Downloaded https://repo.maven.apache.org/maven2/javassist/javassist/3.6.0.GA/javassist-3.6.0.GA.pom
2015-12-17 08:50:45,164 [Worker-38] INFO  o.e.m.c.i.e.AbstractTransferListenerAdapter - Downloaded http://download.eclipse.org/rt/eclipselink/maven.repo/org/jboss/resteasy/resteasy-jackson-provider/3.0.10.Final/resteasy-jackson-provider-3.0.10.Final.pom
2015-12-17 08:50:46,756 [Worker-38] INFO  o.e.m.c.i.e.AbstractTransferListenerAdapter - Downloaded http://download.java.net/maven/2/org/jboss/resteasy/resteasy-jackson-provider/3.0.10.Final/resteasy-jackson-provider-3.0.10.Final.pom
2015-12-17 08:50:46,929 [Worker-38] INFO  o.e.m.c.i.e.AbstractTransferListenerAdapter - Downloading https://repo.maven.apache.org/maven2/org/jboss/resteasy/resteasy-jackson-provider/3.0.10.Final/resteasy-jackson-provider-3.0.10.Final.pom
2015-12-17 08:50:47,101 [Worker-38] INFO  o.e.m.c.i.e.AbstractTransferListenerAdapter - Downloaded https://repo.maven.apache.org/maven2/org/jboss/resteasy/resteasy-jackson-provider/3.0.10.Final/resteasy-jackson-provider-3.0.10.Final.pom
2015-12-17 08:50:47,537 [Worker-38] INFO  o.e.m.c.i.e.AbstractTransferListenerAdapter - Downloaded http://download.eclipse.org/rt/eclipselink/maven.repo/org/codehaus/jackson/jackson-core-asl/1.9.12/jackson-core-asl-1.9.12.pom
2015-12-17 08:50:49,106 [Worker-38] INFO  o.e.m.c.i.e.AbstractTransferListenerAdapter - Downloaded http://download.java.net/maven/2/org/codehaus/jackson/jackson-core-asl/1.9.12/jackson-core-asl-1.9.12.pom
2015-12-17 08:50:49,277 [Worker-38] INFO  o.e.m.c.i.e.AbstractTransferListenerAdapter - Downloading https://repo.maven.apache.org/maven2/org/codehaus/jackson/jackson-core-asl/1.9.12/jackson-core-asl-1.9.12.pom
2015-12-17 08:50:49,448 [Worker-38] INFO  o.e.m.c.i.e.AbstractTransferListenerAdapter - Downloaded https://repo.maven.apache.org/maven2/org/codehaus/jackson/jackson-core-asl/1.9.12/jackson-core-asl-1.9.12.pom
2015-12-17 08:50:49,876 [Worker-38] INFO  o.e.m.c.i.e.AbstractTransferListenerAdapter - Downloaded http://download.eclipse.org/rt/eclipselink/maven.repo/org/codehaus/jackson/jackson-mapper-asl/1.9.12/jackson-mapper-asl-1.9.12.pom
2015-12-17 08:50:51,084 [Worker-38] INFO  o.e.m.c.i.e.AbstractTransferListenerAdapter - Downloaded http://download.java.net/maven/2/org/codehaus/jackson/jackson-mapper-asl/1.9.12/jackson-mapper-asl-1.9.12.pom
2015-12-17 08:50:51,255 [Worker-38] INFO  o.e.m.c.i.e.AbstractTransferListenerAdapter - Downloading https://repo.maven.apache.org/maven2/org/codehaus/jackson/jackson-mapper-asl/1.9.12/jackson-mapper-asl-1.9.12.pom
2015-12-17 08:50:51,426 [Worker-38] INFO  o.e.m.c.i.e.AbstractTransferListenerAdapter - Downloaded https://repo.maven.apache.org/maven2/org/codehaus/jackson/jackson-mapper-asl/1.9.12/jackson-mapper-asl-1.9.12.pom
2015-12-17 08:50:51,859 [Worker-38] INFO  o.e.m.c.i.e.AbstractTransferListenerAdapter - Downloaded http://download.eclipse.org/rt/eclipselink/maven.repo/org/codehaus/jackson/jackson-jaxrs/1.9.12/jackson-jaxrs-1.9.12.pom
2015-12-17 08:50:52,909 [Worker-38] INFO  o.e.m.c.i.e.AbstractTransferListenerAdapter - Downloaded http://download.java.net/maven/2/org/codehaus/jackson/jackson-jaxrs/1.9.12/jackson-jaxrs-1.9.12.pom
2015-12-17 08:50:53,081 [Worker-38] INFO  o.e.m.c.i.e.AbstractTransferListenerAdapter - Downloading https://repo.maven.apache.org/maven2/org/codehaus/jackson/jackson-jaxrs/1.9.12/jackson-jaxrs-1.9.12.pom
2015-12-17 08:50:53,252 [Worker-38] INFO  o.e.m.c.i.e.AbstractTransferListenerAdapter - Downloaded https://repo.maven.apache.org/maven2/org/codehaus/jackson/jackson-jaxrs/1.9.12/jackson-jaxrs-1.9.12.pom
2015-12-17 08:50:53,683 [Worker-38] INFO  o.e.m.c.i.e.AbstractTransferListenerAdapter - Downloaded http://download.eclipse.org/rt/eclipselink/maven.repo/org/codehaus/jackson/jackson-xc/1.9.12/jackson-xc-1.9.12.pom
2015-12-17 08:50:54,698 [Worker-38] INFO  o.e.m.c.i.e.AbstractTransferListenerAdapter - Downloaded http://download.java.net/maven/2/org/codehaus/jackson/jackson-xc/1.9.12/jackson-xc-1.9.12.pom
2015-12-17 08:50:54,870 [Worker-38] INFO  o.e.m.c.i.e.AbstractTransferListenerAdapter - Downloading https://repo.maven.apache.org/maven2/org/codehaus/jackson/jackson-xc/1.9.12/jackson-xc-1.9.12.pom
2015-12-17 08:50:55,042 [Worker-38] INFO  o.e.m.c.i.e.AbstractTransferListenerAdapter - Downloaded https://repo.maven.apache.org/maven2/org/codehaus/jackson/jackson-xc/1.9.12/jackson-xc-1.9.12.pom
2015-12-17 08:50:55,480 [Worker-38] INFO  o.e.m.c.i.e.AbstractTransferListenerAdapter - Downloaded http://download.eclipse.org/rt/eclipselink/maven.repo/org/jboss/resteasy/resteasy-jaxb-provider/3.0.2.Final/resteasy-jaxb-provider-3.0.2.Final.pom
2015-12-17 08:50:57,009 [Worker-38] INFO  o.e.m.c.i.e.AbstractTransferListenerAdapter - Downloaded http://download.java.net/maven/2/org/jboss/resteasy/resteasy-jaxb-provider/3.0.2.Final/resteasy-jaxb-provider-3.0.2.Final.pom
2015-12-17 08:50:57,198 [Worker-38] INFO  o.e.m.c.i.e.AbstractTransferListenerAdapter - Downloading https://repo.maven.apache.org/maven2/org/jboss/resteasy/resteasy-jaxb-provider/3.0.2.Final/resteasy-jaxb-provider-3.0.2.Final.pom
2015-12-17 08:50:57,382 [Worker-38] INFO  o.e.m.c.i.e.AbstractTransferListenerAdapter - Downloaded https://repo.maven.apache.org/maven2/org/jboss/resteasy/resteasy-jaxb-provider/3.0.2.Final/resteasy-jaxb-provider-3.0.2.Final.pom
2015-12-17 08:50:57,829 [Worker-38] INFO  o.e.m.c.i.e.AbstractTransferListenerAdapter - Downloaded http://download.eclipse.org/rt/eclipselink/maven.repo/org/jboss/resteasy/resteasy-jaxrs-all/3.0.2.Final/resteasy-jaxrs-all-3.0.2.Final.pom
2015-12-17 08:50:58,685 [Worker-38] INFO  o.e.m.c.i.e.AbstractTransferListenerAdapter - Downloaded http://download.java.net/maven/2/org/jboss/resteasy/resteasy-jaxrs-all/3.0.2.Final/resteasy-jaxrs-all-3.0.2.Final.pom
2015-12-17 08:50:58,883 [Worker-38] INFO  o.e.m.c.i.e.AbstractTransferListenerAdapter - Downloading https://repo.maven.apache.org/maven2/org/jboss/resteasy/resteasy-jaxrs-all/3.0.2.Final/resteasy-jaxrs-all-3.0.2.Final.pom
2015-12-17 08:50:59,073 [Worker-38] INFO  o.e.m.c.i.e.AbstractTransferListenerAdapter - Downloaded https://repo.maven.apache.org/maven2/org/jboss/resteasy/resteasy-jaxrs-all/3.0.2.Final/resteasy-jaxrs-all-3.0.2.Final.pom
2015-12-17 08:50:59,506 [Worker-38] INFO  o.e.m.c.i.e.AbstractTransferListenerAdapter - Downloaded http://download.eclipse.org/rt/eclipselink/maven.repo/com/sun/xml/bind/jaxb-impl/2.2.5-2/jaxb-impl-2.2.5-2.pom
2015-12-17 08:51:01,131 [Worker-38] INFO  o.e.m.c.i.e.AbstractTransferListenerAdapter - Downloaded http://download.java.net/maven/2/com/sun/xml/bind/jaxb-impl/2.2.5-2/jaxb-impl-2.2.5-2.pom
2015-12-17 08:51:01,318 [Worker-38] INFO  o.e.m.c.i.e.AbstractTransferListenerAdapter - Downloading https://repo.maven.apache.org/maven2/com/sun/xml/bind/jaxb-impl/2.2.5-2/jaxb-impl-2.2.5-2.pom
2015-12-17 08:51:01,491 [Worker-38] INFO  o.e.m.c.i.e.AbstractTransferListenerAdapter - Downloaded https://repo.maven.apache.org/maven2/com/sun/xml/bind/jaxb-impl/2.2.5-2/jaxb-impl-2.2.5-2.pom
2015-12-17 08:51:02,555 [Worker-38] INFO  o.e.m.c.i.e.AbstractTransferListenerAdapter - Downloaded http://download.eclipse.org/rt/eclipselink/maven.repo/net/java/jvnet-parent/1/jvnet-parent-1.pom
2015-12-17 08:51:03,764 [Worker-38] INFO  o.e.m.c.i.e.AbstractTransferListenerAdapter - Downloaded http://download.java.net/maven/2/net/java/jvnet-parent/1/jvnet-parent-1.pom
2015-12-17 08:51:03,938 [Worker-38] INFO  o.e.m.c.i.e.AbstractTransferListenerAdapter - Downloading https://repo.maven.apache.org/maven2/net/java/jvnet-parent/1/jvnet-parent-1.pom
2015-12-17 08:51:04,112 [Worker-38] INFO  o.e.m.c.i.e.AbstractTransferListenerAdapter - Downloaded https://repo.maven.apache.org/maven2/net/java/jvnet-parent/1/jvnet-parent-1.pom
2015-12-17 08:51:04,544 [Worker-38] INFO  o.e.m.c.i.e.AbstractTransferListenerAdapter - Downloaded http://download.eclipse.org/rt/eclipselink/maven.repo/org/jboss/resteasy/jaxrs-api/3.0.2.Final/jaxrs-api-3.0.2.Final.pom
2015-12-17 08:51:05,530 [Worker-38] INFO  o.e.m.c.i.e.AbstractTransferListenerAdapter - Downloaded http://download.java.net/maven/2/org/jboss/resteasy/jaxrs-api/3.0.2.Final/jaxrs-api-3.0.2.Final.pom
2015-12-17 08:51:05,715 [Worker-38] INFO  o.e.m.c.i.e.AbstractTransferListenerAdapter - Downloading https://repo.maven.apache.org/maven2/org/jboss/resteasy/jaxrs-api/3.0.2.Final/jaxrs-api-3.0.2.Final.pom
2015-12-17 08:51:05,900 [Worker-38] INFO  o.e.m.c.i.e.AbstractTransferListenerAdapter - Downloaded https://repo.maven.apache.org/maven2/org/jboss/resteasy/jaxrs-api/3.0.2.Final/jaxrs-api-3.0.2.Final.pom
2015-12-17 08:51:06,331 [Worker-38] INFO  o.e.m.c.i.e.AbstractTransferListenerAdapter - Downloaded http://download.eclipse.org/rt/eclipselink/maven.repo/org/jboss/resteasy/resteasy-client/3.0.2.Final/resteasy-client-3.0.2.Final.pom
2015-12-17 08:51:07,840 [Worker-38] INFO  o.e.m.c.i.e.AbstractTransferListenerAdapter - Downloaded http://download.java.net/maven/2/org/jboss/resteasy/resteasy-client/3.0.2.Final/resteasy-client-3.0.2.Final.pom
2015-12-17 08:51:08,025 [Worker-38] INFO  o.e.m.c.i.e.AbstractTransferListenerAdapter - Downloading https://repo.maven.apache.org/maven2/org/jboss/resteasy/resteasy-client/3.0.2.Final/resteasy-client-3.0.2.Final.pom
2015-12-17 08:51:08,211 [Worker-38] INFO  o.e.m.c.i.e.AbstractTransferListenerAdapter - Downloaded https://repo.maven.apache.org/maven2/org/jboss/resteasy/resteasy-client/3.0.2.Final/resteasy-client-3.0.2.Final.pom
2015-12-17 08:51:08,672 [Worker-38] INFO  o.e.m.c.i.e.AbstractTransferListenerAdapter - Downloaded http://download.eclipse.org/rt/eclipselink/maven.repo/org/jboss/resteasy/resteasy-jaxrs/3.0.2.Final/resteasy-jaxrs-3.0.2.Final.pom
2015-12-17 08:51:10,405 [Worker-38] INFO  o.e.m.c.i.e.AbstractTransferListenerAdapter - Downloaded http://download.java.net/maven/2/org/jboss/resteasy/resteasy-jaxrs/3.0.2.Final/resteasy-jaxrs-3.0.2.Final.pom
2015-12-17 08:51:10,592 [Worker-38] INFO  o.e.m.c.i.e.AbstractTransferListenerAdapter - Downloading https://repo.maven.apache.org/maven2/org/jboss/resteasy/resteasy-jaxrs/3.0.2.Final/resteasy-jaxrs-3.0.2.Final.pom
2015-12-17 08:51:10,779 [Worker-38] INFO  o.e.m.c.i.e.AbstractTransferListenerAdapter - Downloaded https://repo.maven.apache.org/maven2/org/jboss/resteasy/resteasy-jaxrs/3.0.2.Final/resteasy-jaxrs-3.0.2.Final.pom
2015-12-17 08:51:11,218 [Worker-38] INFO  o.e.m.c.i.e.AbstractTransferListenerAdapter - Downloaded http://download.eclipse.org/rt/eclipselink/maven.repo/javax/annotation/jsr250-api/1.0/jsr250-api-1.0.pom
2015-12-17 08:51:13,034 [Worker-38] INFO  o.e.m.c.i.e.AbstractTransferListenerAdapter - Downloaded http://download.java.net/maven/2/javax/annotation/jsr250-api/1.0/jsr250-api-1.0.pom
2015-12-17 08:51:13,205 [Worker-38] INFO  o.e.m.c.i.e.AbstractTransferListenerAdapter - Downloading https://repo.maven.apache.org/maven2/javax/annotation/jsr250-api/1.0/jsr250-api-1.0.pom
2015-12-17 08:51:13,377 [Worker-38] INFO  o.e.m.c.i.e.AbstractTransferListenerAdapter - Downloaded https://repo.maven.apache.org/maven2/javax/annotation/jsr250-api/1.0/jsr250-api-1.0.pom
2015-12-17 08:51:13,818 [Worker-38] INFO  o.e.m.c.i.e.AbstractTransferListenerAdapter - Downloaded http://download.eclipse.org/rt/eclipselink/maven.repo/com/wordnik/swagger-jersey-jaxrs_2.9.1/1.3.0/swagger-jersey-jaxrs_2.9.1-1.3.0.pom
2015-12-17 08:51:15,337 [Worker-38] INFO  o.e.m.c.i.e.AbstractTransferListenerAdapter - Downloaded http://download.java.net/maven/2/com/wordnik/swagger-jersey-jaxrs_2.9.1/1.3.0/swagger-jersey-jaxrs_2.9.1-1.3.0.pom
2015-12-17 08:51:15,524 [Worker-38] INFO  o.e.m.c.i.e.AbstractTransferListenerAdapter - Downloading https://repo.maven.apache.org/maven2/com/wordnik/swagger-jersey-jaxrs_2.9.1/1.3.0/swagger-jersey-jaxrs_2.9.1-1.3.0.pom
2015-12-17 08:51:15,712 [Worker-38] INFO  o.e.m.c.i.e.AbstractTransferListenerAdapter - Downloaded https://repo.maven.apache.org/maven2/com/wordnik/swagger-jersey-jaxrs_2.9.1/1.3.0/swagger-jersey-jaxrs_2.9.1-1.3.0.pom
2015-12-17 08:51:16,148 [Worker-38] INFO  o.e.m.c.i.e.AbstractTransferListenerAdapter - Downloaded http://download.eclipse.org/rt/eclipselink/maven.repo/com/wordnik/swagger-project_2.9.1/1.3.0/swagger-project_2.9.1-1.3.0.pom
2015-12-17 08:51:17,743 [Worker-38] INFO  o.e.m.c.i.e.AbstractTransferListenerAdapter - Downloaded http://download.java.net/maven/2/com/wordnik/swagger-project_2.9.1/1.3.0/swagger-project_2.9.1-1.3.0.pom
2015-12-17 08:51:17,935 [Worker-38] INFO  o.e.m.c.i.e.AbstractTransferListenerAdapter - Downloading https://repo.maven.apache.org/maven2/com/wordnik/swagger-project_2.9.1/1.3.0/swagger-project_2.9.1-1.3.0.pom
2015-12-17 08:51:18,124 [Worker-38] INFO  o.e.m.c.i.e.AbstractTransferListenerAdapter - Downloaded https://repo.maven.apache.org/maven2/com/wordnik/swagger-project_2.9.1/1.3.0/swagger-project_2.9.1-1.3.0.pom
2015-12-17 08:51:18,558 [Worker-38] INFO  o.e.m.c.i.e.AbstractTransferListenerAdapter - Downloaded http://download.eclipse.org/rt/eclipselink/maven.repo/org/sonatype/oss/oss-parent/5/oss-parent-5.pom
2015-12-17 08:51:19,975 [Worker-38] INFO  o.e.m.c.i.e.AbstractTransferListenerAdapter - Downloaded http://download.java.net/maven/2/org/sonatype/oss/oss-parent/5/oss-parent-5.pom
2015-12-17 08:51:20,150 [Worker-38] INFO  o.e.m.c.i.e.AbstractTransferListenerAdapter - Downloading https://repo.maven.apache.org/maven2/org/sonatype/oss/oss-parent/5/oss-parent-5.pom
2015-12-17 08:51:20,322 [Worker-38] INFO  o.e.m.c.i.e.AbstractTransferListenerAdapter - Downloaded https://repo.maven.apache.org/maven2/org/sonatype/oss/oss-parent/5/oss-parent-5.pom
2015-12-17 08:51:20,764 [Worker-38] INFO  o.e.m.c.i.e.AbstractTransferListenerAdapter - Downloaded http://download.eclipse.org/rt/eclipselink/maven.repo/com/wordnik/swagger-jaxrs_2.9.1/1.3.0/swagger-jaxrs_2.9.1-1.3.0.pom
2015-12-17 08:51:22,432 [Worker-38] INFO  o.e.m.c.i.e.AbstractTransferListenerAdapter - Downloaded http://download.java.net/maven/2/com/wordnik/swagger-jaxrs_2.9.1/1.3.0/swagger-jaxrs_2.9.1-1.3.0.pom
2015-12-17 08:51:22,619 [Worker-38] INFO  o.e.m.c.i.e.AbstractTransferListenerAdapter - Downloading https://repo.maven.apache.org/maven2/com/wordnik/swagger-jaxrs_2.9.1/1.3.0/swagger-jaxrs_2.9.1-1.3.0.pom
2015-12-17 08:51:22,807 [Worker-38] INFO  o.e.m.c.i.e.AbstractTransferListenerAdapter - Downloaded https://repo.maven.apache.org/maven2/com/wordnik/swagger-jaxrs_2.9.1/1.3.0/swagger-jaxrs_2.9.1-1.3.0.pom
2015-12-17 08:51:23,238 [Worker-38] INFO  o.e.m.c.i.e.AbstractTransferListenerAdapter - Downloaded http://download.eclipse.org/rt/eclipselink/maven.repo/org/scala-lang/scala-library/2.9.1-1/scala-library-2.9.1-1.pom
2015-12-17 08:51:24,403 [Worker-38] INFO  o.e.m.c.i.e.AbstractTransferListenerAdapter - Downloaded http://download.java.net/maven/2/org/scala-lang/scala-library/2.9.1-1/scala-library-2.9.1-1.pom
2015-12-17 08:51:24,578 [Worker-38] INFO  o.e.m.c.i.e.AbstractTransferListenerAdapter - Downloading https://repo.maven.apache.org/maven2/org/scala-lang/scala-library/2.9.1-1/scala-library-2.9.1-1.pom
2015-12-17 08:51:24,750 [Worker-38] INFO  o.e.m.c.i.e.AbstractTransferListenerAdapter - Downloaded https://repo.maven.apache.org/maven2/org/scala-lang/scala-library/2.9.1-1/scala-library-2.9.1-1.pom
2015-12-17 08:51:25,180 [Worker-38] INFO  o.e.m.c.i.e.AbstractTransferListenerAdapter - Downloaded http://download.eclipse.org/rt/eclipselink/maven.repo/com/wordnik/swagger-core_2.9.1/1.3.0/swagger-core_2.9.1-1.3.0.pom
2015-12-17 08:51:26,157 [Worker-38] INFO  o.e.m.c.i.e.AbstractTransferListenerAdapter - Downloaded http://download.java.net/maven/2/com/wordnik/swagger-core_2.9.1/1.3.0/swagger-core_2.9.1-1.3.0.pom
2015-12-17 08:51:26,345 [Worker-38] INFO  o.e.m.c.i.e.AbstractTransferListenerAdapter - Downloading https://repo.maven.apache.org/maven2/com/wordnik/swagger-core_2.9.1/1.3.0/swagger-core_2.9.1-1.3.0.pom
2015-12-17 08:51:26,530 [Worker-38] INFO  o.e.m.c.i.e.AbstractTransferListenerAdapter - Downloaded https://repo.maven.apache.org/maven2/com/wordnik/swagger-core_2.9.1/1.3.0/swagger-core_2.9.1-1.3.0.pom
2015-12-17 08:51:26,963 [Worker-38] INFO  o.e.m.c.i.e.AbstractTransferListenerAdapter - Downloaded http://download.eclipse.org/rt/eclipselink/maven.repo/commons-lang/commons-lang/2.4/commons-lang-2.4.pom
2015-12-17 08:51:28,386 [Worker-38] INFO  o.e.m.c.i.e.AbstractTransferListenerAdapter - Downloaded http://download.java.net/maven/2/commons-lang/commons-lang/2.4/commons-lang-2.4.pom
2015-12-17 08:51:28,565 [Worker-38] INFO  o.e.m.c.i.e.AbstractTransferListenerAdapter - Downloading https://repo.maven.apache.org/maven2/commons-lang/commons-lang/2.4/commons-lang-2.4.pom
2015-12-17 08:51:28,739 [Worker-38] INFO  o.e.m.c.i.e.AbstractTransferListenerAdapter - Downloaded https://repo.maven.apache.org/maven2/commons-lang/commons-lang/2.4/commons-lang-2.4.pom
2015-12-17 08:51:29,179 [Worker-38] INFO  o.e.m.c.i.e.AbstractTransferListenerAdapter - Downloaded http://download.eclipse.org/rt/eclipselink/maven.repo/org/slf4j/slf4j-api/1.6.3/slf4j-api-1.6.3.pom
2015-12-17 08:51:30,807 [Worker-38] INFO  o.e.m.c.i.e.AbstractTransferListenerAdapter - Downloaded http://download.java.net/maven/2/org/slf4j/slf4j-api/1.6.3/slf4j-api-1.6.3.pom
2015-12-17 08:51:30,979 [Worker-38] INFO  o.e.m.c.i.e.AbstractTransferListenerAdapter - Downloading https://repo.maven.apache.org/maven2/org/slf4j/slf4j-api/1.6.3/slf4j-api-1.6.3.pom
2015-12-17 08:51:31,151 [Worker-38] INFO  o.e.m.c.i.e.AbstractTransferListenerAdapter - Downloaded https://repo.maven.apache.org/maven2/org/slf4j/slf4j-api/1.6.3/slf4j-api-1.6.3.pom
2015-12-17 08:51:31,580 [Worker-38] INFO  o.e.m.c.i.e.AbstractTransferListenerAdapter - Downloaded http://download.eclipse.org/rt/eclipselink/maven.repo/org/slf4j/slf4j-parent/1.6.3/slf4j-parent-1.6.3.pom
2015-12-17 08:51:33,233 [Worker-38] INFO  o.e.m.c.i.e.AbstractTransferListenerAdapter - Downloaded http://download.java.net/maven/2/org/slf4j/slf4j-parent/1.6.3/slf4j-parent-1.6.3.pom
2015-12-17 08:51:33,406 [Worker-38] INFO  o.e.m.c.i.e.AbstractTransferListenerAdapter - Downloading https://repo.maven.apache.org/maven2/org/slf4j/slf4j-parent/1.6.3/slf4j-parent-1.6.3.pom
2015-12-17 08:51:33,581 [Worker-38] INFO  o.e.m.c.i.e.AbstractTransferListenerAdapter - Downloaded https://repo.maven.apache.org/maven2/org/slf4j/slf4j-parent/1.6.3/slf4j-parent-1.6.3.pom
2015-12-17 08:51:34,014 [Worker-38] INFO  o.e.m.c.i.e.AbstractTransferListenerAdapter - Downloaded http://download.eclipse.org/rt/eclipselink/maven.repo/com/fasterxml/jackson/module/jackson-module-scala_2.9.1/2.1.5/jackson-module-scala_2.9.1-2.1.5.pom
2015-12-17 08:51:34,016 [Worker-38] INFO  o.e.m.c.i.e.AbstractTransferListenerAdapter - Downloaded http://download.java.net/maven/2/com/fasterxml/jackson/module/jackson-module-scala_2.9.1/2.1.5/jackson-module-scala_2.9.1-2.1.5.pom
2015-12-17 08:51:34,017 [Worker-38] INFO  o.e.m.c.i.e.AbstractTransferListenerAdapter - Downloaded https://repo.maven.apache.org/maven2/com/fasterxml/jackson/module/jackson-module-scala_2.9.1/2.1.5/jackson-module-scala_2.9.1-2.1.5.pom
2015-12-17 08:51:34,019 [Worker-38] INFO  o.e.m.c.i.e.AbstractTransferListenerAdapter - Downloaded http://download.eclipse.org/rt/eclipselink/maven.repo/com/fasterxml/jackson/core/jackson-annotations/2.1.5/jackson-annotations-2.1.5.pom
2015-12-17 08:51:34,020 [Worker-38] INFO  o.e.m.c.i.e.AbstractTransferListenerAdapter - Downloaded http://download.java.net/maven/2/com/fasterxml/jackson/core/jackson-annotations/2.1.5/jackson-annotations-2.1.5.pom
2015-12-17 08:51:34,020 [Worker-38] INFO  o.e.m.c.i.e.AbstractTransferListenerAdapter - Downloaded https://repo.maven.apache.org/maven2/com/fasterxml/jackson/core/jackson-annotations/2.1.5/jackson-annotations-2.1.5.pom
2015-12-17 08:51:34,021 [Worker-38] INFO  o.e.m.c.i.e.AbstractTransferListenerAdapter - Downloaded http://download.eclipse.org/rt/eclipselink/maven.repo/com/fasterxml/jackson/module/jackson-module-jsonSchema/2.1.0/jackson-module-jsonSchema-2.1.0.pom
2015-12-17 08:51:34,021 [Worker-38] INFO  o.e.m.c.i.e.AbstractTransferListenerAdapter - Downloaded http://download.java.net/maven/2/com/fasterxml/jackson/module/jackson-module-jsonSchema/2.1.0/jackson-module-jsonSchema-2.1.0.pom
2015-12-17 08:51:34,022 [Worker-38] INFO  o.e.m.c.i.e.AbstractTransferListenerAdapter - Downloaded https://repo.maven.apache.org/maven2/com/fasterxml/jackson/module/jackson-module-jsonSchema/2.1.0/jackson-module-jsonSchema-2.1.0.pom
2015-12-17 08:51:34,023 [Worker-38] INFO  o.e.m.c.i.e.AbstractTransferListenerAdapter - Downloaded http://download.eclipse.org/rt/eclipselink/maven.repo/com/fasterxml/jackson/jaxrs/jackson-jaxrs-json-provider/2.0.0/jackson-jaxrs-json-provider-2.0.0.pom
2015-12-17 08:51:34,024 [Worker-38] INFO  o.e.m.c.i.e.AbstractTransferListenerAdapter - Downloaded http://download.java.net/maven/2/com/fasterxml/jackson/jaxrs/jackson-jaxrs-json-provider/2.0.0/jackson-jaxrs-json-provider-2.0.0.pom
2015-12-17 08:51:34,024 [Worker-38] INFO  o.e.m.c.i.e.AbstractTransferListenerAdapter - Downloaded https://repo.maven.apache.org/maven2/com/fasterxml/jackson/jaxrs/jackson-jaxrs-json-provider/2.0.0/jackson-jaxrs-json-provider-2.0.0.pom
2015-12-17 08:51:34,025 [Worker-38] INFO  o.e.m.c.i.e.AbstractTransferListenerAdapter - Downloaded http://download.eclipse.org/rt/eclipselink/maven.repo/com/wordnik/swagger-annotations_2.9.1/1.3.0/swagger-annotations_2.9.1-1.3.0.pom
2015-12-17 08:51:34,026 [Worker-38] INFO  o.e.m.c.i.e.AbstractTransferListenerAdapter - Downloaded http://download.java.net/maven/2/com/wordnik/swagger-annotations_2.9.1/1.3.0/swagger-annotations_2.9.1-1.3.0.pom
2015-12-17 08:51:34,054 [Worker-38] INFO  o.e.m.c.i.e.AbstractTransferListenerAdapter - Downloaded https://repo.maven.apache.org/maven2/com/wordnik/swagger-annotations_2.9.1/1.3.0/swagger-annotations_2.9.1-1.3.0.pom
2015-12-17 08:51:34,055 [Worker-38] INFO  o.e.m.c.i.e.AbstractTransferListenerAdapter - Downloaded http://download.eclipse.org/rt/eclipselink/maven.repo/org/json4s/json4s-ext_2.9.1-1/3.2.4/json4s-ext_2.9.1-1-3.2.4.pom
2015-12-17 08:51:34,056 [Worker-38] INFO  o.e.m.c.i.e.AbstractTransferListenerAdapter - Downloaded http://download.java.net/maven/2/org/json4s/json4s-ext_2.9.1-1/3.2.4/json4s-ext_2.9.1-1-3.2.4.pom
2015-12-17 08:51:34,057 [Worker-38] INFO  o.e.m.c.i.e.AbstractTransferListenerAdapter - Downloaded https://repo.maven.apache.org/maven2/org/json4s/json4s-ext_2.9.1-1/3.2.4/json4s-ext_2.9.1-1-3.2.4.pom
2015-12-17 08:51:34,059 [Worker-38] INFO  o.e.m.c.i.e.AbstractTransferListenerAdapter - Downloaded http://download.eclipse.org/rt/eclipselink/maven.repo/org/json4s/json4s-native_2.9.1-1/3.2.4/json4s-native_2.9.1-1-3.2.4.pom
2015-12-17 08:51:34,061 [Worker-38] INFO  o.e.m.c.i.e.AbstractTransferListenerAdapter - Downloaded http://download.java.net/maven/2/org/json4s/json4s-native_2.9.1-1/3.2.4/json4s-native_2.9.1-1-3.2.4.pom
2015-12-17 08:51:34,062 [Worker-38] INFO  o.e.m.c.i.e.AbstractTransferListenerAdapter - Downloaded https://repo.maven.apache.org/maven2/org/json4s/json4s-native_2.9.1-1/3.2.4/json4s-native_2.9.1-1-3.2.4.pom
2015-12-17 08:51:34,063 [Worker-38] INFO  o.e.m.c.i.e.AbstractTransferListenerAdapter - Downloaded http://download.eclipse.org/rt/eclipselink/maven.repo/org/json4s/json4s-jackson_2.9.1-1/3.2.4/json4s-jackson_2.9.1-1-3.2.4.pom
2015-12-17 08:51:34,065 [Worker-38] INFO  o.e.m.c.i.e.AbstractTransferListenerAdapter - Downloaded http://download.java.net/maven/2/org/json4s/json4s-jackson_2.9.1-1/3.2.4/json4s-jackson_2.9.1-1-3.2.4.pom
2015-12-17 08:51:34,066 [Worker-38] INFO  o.e.m.c.i.e.AbstractTransferListenerAdapter - Downloaded https://repo.maven.apache.org/maven2/org/json4s/json4s-jackson_2.9.1-1/3.2.4/json4s-jackson_2.9.1-1-3.2.4.pom
2015-12-17 08:51:34,067 [Worker-38] INFO  o.e.m.c.i.e.AbstractTransferListenerAdapter - Downloaded http://download.eclipse.org/rt/eclipselink/maven.repo/javax/ws/rs/jsr311-api/1.1.1/jsr311-api-1.1.1.pom
2015-12-17 08:51:34,067 [Worker-38] INFO  o.e.m.c.i.e.AbstractTransferListenerAdapter - Downloaded http://download.java.net/maven/2/javax/ws/rs/jsr311-api/1.1.1/jsr311-api-1.1.1.pom
2015-12-17 08:51:34,068 [Worker-38] INFO  o.e.m.c.i.e.AbstractTransferListenerAdapter - Downloaded https://repo.maven.apache.org/maven2/javax/ws/rs/jsr311-api/1.1.1/jsr311-api-1.1.1.pom
2015-12-17 08:51:34,069 [Worker-38] INFO  o.e.m.c.i.e.AbstractTransferListenerAdapter - Downloaded http://download.eclipse.org/rt/eclipselink/maven.repo/org/reflections/reflections/0.9.8/reflections-0.9.8.pom
2015-12-17 08:51:34,069 [Worker-38] INFO  o.e.m.c.i.e.AbstractTransferListenerAdapter - Downloaded http://download.java.net/maven/2/org/reflections/reflections/0.9.8/reflections-0.9.8.pom
2015-12-17 08:51:34,070 [Worker-38] INFO  o.e.m.c.i.e.AbstractTransferListenerAdapter - Downloaded https://repo.maven.apache.org/maven2/org/reflections/reflections/0.9.8/reflections-0.9.8.pom
2015-12-17 08:51:34,071 [Worker-38] INFO  o.e.m.c.i.e.AbstractTransferListenerAdapter - Downloaded http://download.eclipse.org/rt/eclipselink/maven.repo/com/sun/jersey/contribs/jersey-multipart/1.13/jersey-multipart-1.13.pom
2015-12-17 08:51:34,071 [Worker-38] INFO  o.e.m.c.i.e.AbstractTransferListenerAdapter - Downloaded http://download.java.net/maven/2/com/sun/jersey/contribs/jersey-multipart/1.13/jersey-multipart-1.13.pom
2015-12-17 08:51:34,072 [Worker-38] INFO  o.e.m.c.i.e.AbstractTransferListenerAdapter - Downloaded https://repo.maven.apache.org/maven2/com/sun/jersey/contribs/jersey-multipart/1.13/jersey-multipart-1.13.pom
2015-12-17 08:51:34,073 [Worker-38] INFO  o.e.m.c.i.e.AbstractTransferListenerAdapter - Downloaded http://download.eclipse.org/rt/eclipselink/maven.repo/com/sun/jersey/jersey-servlet/1.13/jersey-servlet-1.13.pom
2015-12-17 08:51:34,073 [Worker-38] INFO  o.e.m.c.i.e.AbstractTransferListenerAdapter - Downloaded http://download.java.net/maven/2/com/sun/jersey/jersey-servlet/1.13/jersey-servlet-1.13.pom
2015-12-17 08:51:34,074 [Worker-38] INFO  o.e.m.c.i.e.AbstractTransferListenerAdapter - Downloaded https://repo.maven.apache.org/maven2/com/sun/jersey/jersey-servlet/1.13/jersey-servlet-1.13.pom
2015-12-17 08:51:34,075 [Worker-38] INFO  o.e.m.c.i.e.AbstractTransferListenerAdapter - Downloaded http://download.eclipse.org/rt/eclipselink/maven.repo/com/sun/jersey/jersey-client/1.13/jersey-client-1.13.pom
2015-12-17 08:51:34,075 [Worker-38] INFO  o.e.m.c.i.e.AbstractTransferListenerAdapter - Downloaded http://download.java.net/maven/2/com/sun/jersey/jersey-client/1.13/jersey-client-1.13.pom
2015-12-17 08:51:34,076 [Worker-38] INFO  o.e.m.c.i.e.AbstractTransferListenerAdapter - Downloaded https://repo.maven.apache.org/maven2/com/sun/jersey/jersey-client/1.13/jersey-client-1.13.pom
2015-12-17 08:51:34,077 [Worker-38] INFO  o.e.m.c.i.e.AbstractTransferListenerAdapter - Downloaded http://download.eclipse.org/rt/eclipselink/maven.repo/com/sun/jersey/jersey-core/1.13/jersey-core-1.13.pom
2015-12-17 08:51:34,077 [Worker-38] INFO  o.e.m.c.i.e.AbstractTransferListenerAdapter - Downloaded http://download.java.net/maven/2/com/sun/jersey/jersey-core/1.13/jersey-core-1.13.pom
2015-12-17 08:51:34,078 [Worker-38] INFO  o.e.m.c.i.e.AbstractTransferListenerAdapter - Downloaded https://repo.maven.apache.org/maven2/com/sun/jersey/jersey-core/1.13/jersey-core-1.13.pom
2015-12-17 08:51:34,079 [Worker-38] INFO  o.e.m.c.i.e.AbstractTransferListenerAdapter - Downloaded http://download.eclipse.org/rt/eclipselink/maven.repo/com/sun/jersey/jersey-server/1.13/jersey-server-1.13.pom
2015-12-17 08:51:34,079 [Worker-38] INFO  o.e.m.c.i.e.AbstractTransferListenerAdapter - Downloaded http://download.java.net/maven/2/com/sun/jersey/jersey-server/1.13/jersey-server-1.13.pom
2015-12-17 08:51:34,080 [Worker-38] INFO  o.e.m.c.i.e.AbstractTransferListenerAdapter - Downloaded https://repo.maven.apache.org/maven2/com/sun/jersey/jersey-server/1.13/jersey-server-1.13.pom
2015-12-17 08:51:34,950 [Worker-38] INFO  o.e.m.c.i.e.AbstractTransferListenerAdapter - Downloading https://repo.maven.apache.org/maven2/org/apache/maven/plugins/maven-war-plugin/2.2/maven-war-plugin-2.2.pom
2015-12-17 08:51:35,123 [Worker-38] INFO  o.e.m.c.i.e.AbstractTransferListenerAdapter - Downloaded https://repo.maven.apache.org/maven2/org/apache/maven/plugins/maven-war-plugin/2.2/maven-war-plugin-2.2.pom
2015-12-17 08:51:35,383 [Worker-38] INFO  o.e.m.c.i.e.AbstractTransferListenerAdapter - Downloaded https://repo.maven.apache.org/maven2/com/thoughtworks/xstream/xstream/1.3.1/xstream-1.3.1.pom
2015-12-17 08:51:36,506 [Worker-37] INFO  o.e.m.c.i.embedder.EclipseLogger - Using 'UTF-8' encoding to copy filtered resources.
2015-12-17 08:51:36,506 [Worker-37] INFO  o.e.m.c.i.embedder.EclipseLogger - skip non existing resourceDirectory /home/ivan/impress-dev/restapi/src/main/resources
2015-12-17 08:51:36,508 [Worker-37] INFO  o.e.m.c.i.embedder.EclipseLogger - Using 'UTF-8' encoding to copy filtered resources.
2015-12-17 08:51:36,508 [Worker-37] INFO  o.e.m.c.i.embedder.EclipseLogger - skip non existing resourceDirectory /home/ivan/impress-dev/restapi/src/test/resources
2015-12-17 09:13:00,959 [Worker-46] INFO  o.e.m.c.i.embedder.EclipseLogger - Using 'UTF-8' encoding to copy filtered resources.
2015-12-17 09:13:00,959 [Worker-46] INFO  o.e.m.c.i.embedder.EclipseLogger - skip non existing resourceDirectory /home/ivan/impress-dev/restapi/src/main/resources
2015-12-17 09:13:00,960 [Worker-46] INFO  o.e.m.c.i.embedder.EclipseLogger - Using 'UTF-8' encoding to copy filtered resources.
2015-12-17 09:13:00,961 [Worker-46] INFO  o.e.m.c.i.embedder.EclipseLogger - skip non existing resourceDirectory /home/ivan/impress-dev/restapi/src/test/resources
2015-12-17 09:13:01,974 [Worker-48] INFO  o.e.m.c.i.embedder.EclipseLogger - Using 'UTF-8' encoding to copy filtered resources.
2015-12-17 09:13:01,974 [Worker-48] INFO  o.e.m.c.i.embedder.EclipseLogger - skip non existing resourceDirectory /home/ivan/impress-dev/ImpressContext/src/main/resources
2015-12-17 09:13:01,975 [Worker-48] INFO  o.e.m.c.i.embedder.EclipseLogger - Using 'UTF-8' encoding to copy filtered resources.
2015-12-17 09:13:01,975 [Worker-48] INFO  o.e.m.c.i.embedder.EclipseLogger - skip non existing resourceDirectory /home/ivan/impress-dev/ImpressContext/src/test/resources
2015-12-17 10:14:02,047 [Worker-17] INFO  o.e.m.c.i.embedder.EclipseLogger - Using 'UTF-8' encoding to copy filtered resources.
2015-12-17 10:14:02,050 [Worker-17] INFO  o.e.m.c.i.embedder.EclipseLogger - skip non existing resourceDirectory /home/ivan/impress-dev/ImpressContext/src/main/resources
2015-12-17 10:14:02,052 [Worker-17] INFO  o.e.m.c.i.embedder.EclipseLogger - Using 'UTF-8' encoding to copy filtered resources.
2015-12-17 10:14:02,052 [Worker-17] INFO  o.e.m.c.i.embedder.EclipseLogger - skip non existing resourceDirectory /home/ivan/impress-dev/ImpressContext/src/test/resources
2015-12-17 10:14:05,260 [Worker-19] INFO  o.e.m.c.i.embedder.EclipseLogger - Using 'UTF-8' encoding to copy filtered resources.
2015-12-17 10:14:05,261 [Worker-19] INFO  o.e.m.c.i.embedder.EclipseLogger - skip non existing resourceDirectory /home/ivan/impress-dev/ImpressContext/src/main/resources
2015-12-17 10:14:05,262 [Worker-19] INFO  o.e.m.c.i.embedder.EclipseLogger - Using 'UTF-8' encoding to copy filtered resources.
2015-12-17 10:14:05,262 [Worker-19] INFO  o.e.m.c.i.embedder.EclipseLogger - skip non existing resourceDirectory /home/ivan/impress-dev/ImpressContext/src/test/resources
2015-12-17 10:14:05,539 [Worker-19] INFO  o.e.m.c.i.embedder.EclipseLogger - Using 'UTF-8' encoding to copy filtered resources.
2015-12-17 10:14:05,539 [Worker-19] INFO  o.e.m.c.i.embedder.EclipseLogger - skip non existing resourceDirectory /home/ivan/impress-dev/restapi/src/main/resources
2015-12-17 10:14:05,541 [Worker-19] INFO  o.e.m.c.i.embedder.EclipseLogger - Using 'UTF-8' encoding to copy filtered resources.
2015-12-17 10:14:05,541 [Worker-19] INFO  o.e.m.c.i.embedder.EclipseLogger - skip non existing resourceDirectory /home/ivan/impress-dev/restapi/src/test/resources
2015-12-17 13:32:35,093 [Worker-2] INFO  o.e.m.c.i.embedder.EclipseLogger - Using 'UTF-8' encoding to copy filtered resources.
2015-12-17 13:32:35,240 [Worker-2] INFO  o.e.m.c.i.embedder.EclipseLogger - skip non existing resourceDirectory /home/ivan/impress-dev/ImpressContext/src/main/resources
2015-12-17 13:32:35,243 [Worker-2] INFO  o.e.m.c.i.embedder.EclipseLogger - Using 'UTF-8' encoding to copy filtered resources.
2015-12-17 13:32:35,243 [Worker-2] INFO  o.e.m.c.i.embedder.EclipseLogger - skip non existing resourceDirectory /home/ivan/impress-dev/ImpressContext/src/test/resources
2015-12-17 13:32:37,831 [Worker-6] INFO  o.e.m.c.i.embedder.EclipseLogger - Using 'UTF-8' encoding to copy filtered resources.
2015-12-17 13:32:37,831 [Worker-6] INFO  o.e.m.c.i.embedder.EclipseLogger - skip non existing resourceDirectory /home/ivan/impress-dev/ImpressContext/src/main/resources
2015-12-17 13:32:37,832 [Worker-6] INFO  o.e.m.c.i.embedder.EclipseLogger - Using 'UTF-8' encoding to copy filtered resources.
2015-12-17 13:32:37,832 [Worker-6] INFO  o.e.m.c.i.embedder.EclipseLogger - skip non existing resourceDirectory /home/ivan/impress-dev/ImpressContext/src/test/resources
2015-12-17 13:32:47,209 [Worker-3] INFO  o.e.m.c.i.embedder.EclipseLogger - Using 'UTF-8' encoding to copy filtered resources.
2015-12-17 13:32:47,209 [Worker-3] INFO  o.e.m.c.i.embedder.EclipseLogger - skip non existing resourceDirectory /home/ivan/impress-dev/restapi/src/main/resources
2015-12-17 13:32:47,210 [Worker-3] INFO  o.e.m.c.i.embedder.EclipseLogger - Using 'UTF-8' encoding to copy filtered resources.
2015-12-17 13:32:47,211 [Worker-3] INFO  o.e.m.c.i.embedder.EclipseLogger - skip non existing resourceDirectory /home/ivan/impress-dev/restapi/src/test/resources
2015-12-17 13:48:56,803 [Worker-18] INFO  o.e.m.c.i.embedder.EclipseLogger - Using 'UTF-8' encoding to copy filtered resources.
2015-12-17 13:48:56,804 [Worker-18] INFO  o.e.m.c.i.embedder.EclipseLogger - skip non existing resourceDirectory /home/ivan/impress-dev/ImpressContext/src/main/resources
2015-12-17 13:48:56,805 [Worker-18] INFO  o.e.m.c.i.embedder.EclipseLogger - Using 'UTF-8' encoding to copy filtered resources.
2015-12-17 13:48:56,806 [Worker-18] INFO  o.e.m.c.i.embedder.EclipseLogger - skip non existing resourceDirectory /home/ivan/impress-dev/ImpressContext/src/test/resources
2015-12-17 13:49:08,657 [Worker-20] INFO  o.e.m.c.i.embedder.EclipseLogger - Using 'UTF-8' encoding to copy filtered resources.
2015-12-17 13:49:08,658 [Worker-20] INFO  o.e.m.c.i.embedder.EclipseLogger - skip non existing resourceDirectory /home/ivan/impress-dev/ImpressContext/src/main/resources
2015-12-17 13:49:08,659 [Worker-20] INFO  o.e.m.c.i.embedder.EclipseLogger - Using 'UTF-8' encoding to copy filtered resources.
2015-12-17 13:49:08,659 [Worker-20] INFO  o.e.m.c.i.embedder.EclipseLogger - skip non existing resourceDirectory /home/ivan/impress-dev/ImpressContext/src/test/resources
2015-12-17 14:06:40,184 [Worker-25] INFO  o.e.m.c.i.embedder.EclipseLogger - Using 'UTF-8' encoding to copy filtered resources.
2015-12-17 14:06:40,216 [Worker-25] INFO  o.e.m.c.i.embedder.EclipseLogger - skip non existing resourceDirectory /home/ivan/impress-dev/ImpressContext/src/main/resources
2015-12-17 14:06:40,217 [Worker-25] INFO  o.e.m.c.i.embedder.EclipseLogger - Using 'UTF-8' encoding to copy filtered resources.
2015-12-17 14:06:40,217 [Worker-25] INFO  o.e.m.c.i.embedder.EclipseLogger - skip non existing resourceDirectory /home/ivan/impress-dev/ImpressContext/src/test/resources
2015-12-17 15:01:22,296 [Worker-39] INFO  o.e.m.c.i.embedder.EclipseLogger - Using 'UTF-8' encoding to copy filtered resources.
2015-12-17 15:01:22,296 [Worker-39] INFO  o.e.m.c.i.embedder.EclipseLogger - skip non existing resourceDirectory /home/ivan/impress-dev/ImpressContext/src/main/resources
2015-12-17 15:01:22,297 [Worker-39] INFO  o.e.m.c.i.embedder.EclipseLogger - Using 'UTF-8' encoding to copy filtered resources.
2015-12-17 15:01:22,298 [Worker-39] INFO  o.e.m.c.i.embedder.EclipseLogger - skip non existing resourceDirectory /home/ivan/impress-dev/ImpressContext/src/test/resources
2015-12-17 15:01:23,352 [Worker-37] INFO  o.e.m.c.i.embedder.EclipseLogger - Using 'UTF-8' encoding to copy filtered resources.
2015-12-17 15:01:23,352 [Worker-37] INFO  o.e.m.c.i.embedder.EclipseLogger - skip non existing resourceDirectory /home/ivan/impress-dev/ImpressContext/src/main/resources
2015-12-17 15:01:23,353 [Worker-37] INFO  o.e.m.c.i.embedder.EclipseLogger - Using 'UTF-8' encoding to copy filtered resources.
2015-12-17 15:01:23,353 [Worker-37] INFO  o.e.m.c.i.embedder.EclipseLogger - skip non existing resourceDirectory /home/ivan/impress-dev/ImpressContext/src/test/resources
2015-12-17 15:03:07,510 [Worker-34] INFO  o.e.m.c.i.embedder.EclipseLogger - Using 'UTF-8' encoding to copy filtered resources.
2015-12-17 15:03:07,510 [Worker-34] INFO  o.e.m.c.i.embedder.EclipseLogger - skip non existing resourceDirectory /home/ivan/impress-dev/ImpressContext/src/main/resources
2015-12-17 15:03:07,512 [Worker-34] INFO  o.e.m.c.i.embedder.EclipseLogger - Using 'UTF-8' encoding to copy filtered resources.
2015-12-17 15:03:07,512 [Worker-34] INFO  o.e.m.c.i.embedder.EclipseLogger - skip non existing resourceDirectory /home/ivan/impress-dev/ImpressContext/src/test/resources
2015-12-17 15:03:08,708 [Worker-37] INFO  o.e.m.c.i.embedder.EclipseLogger - Using 'UTF-8' encoding to copy filtered resources.
2015-12-17 15:03:08,708 [Worker-37] INFO  o.e.m.c.i.embedder.EclipseLogger - skip non existing resourceDirectory /home/ivan/impress-dev/ImpressContext/src/main/resources
2015-12-17 15:03:08,710 [Worker-37] INFO  o.e.m.c.i.embedder.EclipseLogger - Using 'UTF-8' encoding to copy filtered resources.
2015-12-17 15:03:08,710 [Worker-37] INFO  o.e.m.c.i.embedder.EclipseLogger - skip non existing resourceDirectory /home/ivan/impress-dev/ImpressContext/src/test/resources
2015-12-17 15:03:20,006 [Worker-39] INFO  o.e.m.c.i.embedder.EclipseLogger - Using 'UTF-8' encoding to copy filtered resources.
2015-12-17 15:03:20,006 [Worker-39] INFO  o.e.m.c.i.embedder.EclipseLogger - skip non existing resourceDirectory /home/ivan/impress-dev/ImpressContext/src/main/resources
2015-12-17 15:03:20,008 [Worker-39] INFO  o.e.m.c.i.embedder.EclipseLogger - Using 'UTF-8' encoding to copy filtered resources.
2015-12-17 15:03:20,008 [Worker-39] INFO  o.e.m.c.i.embedder.EclipseLogger - skip non existing resourceDirectory /home/ivan/impress-dev/ImpressContext/src/test/resources
2015-12-17 15:03:31,697 [Worker-38] INFO  o.e.m.c.i.embedder.EclipseLogger - Using 'UTF-8' encoding to copy filtered resources.
2015-12-17 15:03:31,697 [Worker-38] INFO  o.e.m.c.i.embedder.EclipseLogger - skip non existing resourceDirectory /home/ivan/impress-dev/ImpressContext/src/main/resources
2015-12-17 15:03:31,698 [Worker-38] INFO  o.e.m.c.i.embedder.EclipseLogger - Using 'UTF-8' encoding to copy filtered resources.
2015-12-17 15:03:31,699 [Worker-38] INFO  o.e.m.c.i.embedder.EclipseLogger - skip non existing resourceDirectory /home/ivan/impress-dev/ImpressContext/src/test/resources
2015-12-17 15:04:25,397 [Worker-38] INFO  o.e.m.c.i.embedder.EclipseLogger - Using 'UTF-8' encoding to copy filtered resources.
2015-12-17 15:04:25,398 [Worker-38] INFO  o.e.m.c.i.embedder.EclipseLogger - skip non existing resourceDirectory /home/ivan/impress-dev/ImpressContext/src/main/resources
2015-12-17 15:04:25,399 [Worker-38] INFO  o.e.m.c.i.embedder.EclipseLogger - Using 'UTF-8' encoding to copy filtered resources.
2015-12-17 15:04:25,399 [Worker-38] INFO  o.e.m.c.i.embedder.EclipseLogger - skip non existing resourceDirectory /home/ivan/impress-dev/ImpressContext/src/test/resources
2015-12-17 15:07:52,591 [Worker-44] INFO  o.e.m.c.i.embedder.EclipseLogger - Using 'UTF-8' encoding to copy filtered resources.
2015-12-17 15:07:52,591 [Worker-44] INFO  o.e.m.c.i.embedder.EclipseLogger - skip non existing resourceDirectory /home/ivan/impress-dev/ImpressContext/src/main/resources
2015-12-17 15:07:52,594 [Worker-44] INFO  o.e.m.c.i.embedder.EclipseLogger - Using 'UTF-8' encoding to copy filtered resources.
2015-12-17 15:07:52,594 [Worker-44] INFO  o.e.m.c.i.embedder.EclipseLogger - skip non existing resourceDirectory /home/ivan/impress-dev/ImpressContext/src/test/resources
2015-12-17 15:07:53,793 [Worker-34] INFO  o.e.m.c.i.embedder.EclipseLogger - Using 'UTF-8' encoding to copy filtered resources.
2015-12-17 15:07:53,793 [Worker-34] INFO  o.e.m.c.i.embedder.EclipseLogger - skip non existing resourceDirectory /home/ivan/impress-dev/ImpressContext/src/main/resources
2015-12-17 15:07:53,794 [Worker-34] INFO  o.e.m.c.i.embedder.EclipseLogger - Using 'UTF-8' encoding to copy filtered resources.
2015-12-17 15:07:53,794 [Worker-34] INFO  o.e.m.c.i.embedder.EclipseLogger - skip non existing resourceDirectory /home/ivan/impress-dev/ImpressContext/src/test/resources
2015-12-17 15:08:38,434 [Worker-37] INFO  o.e.m.c.i.embedder.EclipseLogger - Using 'UTF-8' encoding to copy filtered resources.
2015-12-17 15:08:38,434 [Worker-37] INFO  o.e.m.c.i.embedder.EclipseLogger - skip non existing resourceDirectory /home/ivan/impress-dev/ImpressContext/src/main/resources
2015-12-17 15:08:38,435 [Worker-37] INFO  o.e.m.c.i.embedder.EclipseLogger - Using 'UTF-8' encoding to copy filtered resources.
2015-12-17 15:08:38,435 [Worker-37] INFO  o.e.m.c.i.embedder.EclipseLogger - skip non existing resourceDirectory /home/ivan/impress-dev/ImpressContext/src/test/resources
2015-12-17 15:08:40,247 [Worker-38] INFO  o.e.m.c.i.embedder.EclipseLogger - Using 'UTF-8' encoding to copy filtered resources.
2015-12-17 15:08:40,247 [Worker-38] INFO  o.e.m.c.i.embedder.EclipseLogger - skip non existing resourceDirectory /home/ivan/impress-dev/ImpressContext/src/main/resources
2015-12-17 15:08:40,249 [Worker-38] INFO  o.e.m.c.i.embedder.EclipseLogger - Using 'UTF-8' encoding to copy filtered resources.
2015-12-17 15:08:40,249 [Worker-38] INFO  o.e.m.c.i.embedder.EclipseLogger - skip non existing resourceDirectory /home/ivan/impress-dev/ImpressContext/src/test/resources
2015-12-17 15:10:35,668 [Worker-42] INFO  o.e.m.c.i.embedder.EclipseLogger - Using 'UTF-8' encoding to copy filtered resources.
2015-12-17 15:10:35,668 [Worker-42] INFO  o.e.m.c.i.embedder.EclipseLogger - skip non existing resourceDirectory /home/ivan/impress-dev/ImpressContext/src/main/resources
2015-12-17 15:10:35,670 [Worker-42] INFO  o.e.m.c.i.embedder.EclipseLogger - Using 'UTF-8' encoding to copy filtered resources.
2015-12-17 15:10:35,670 [Worker-42] INFO  o.e.m.c.i.embedder.EclipseLogger - skip non existing resourceDirectory /home/ivan/impress-dev/ImpressContext/src/test/resources
2015-12-17 15:10:36,902 [Worker-38] INFO  o.e.m.c.i.embedder.EclipseLogger - Using 'UTF-8' encoding to copy filtered resources.
2015-12-17 15:10:36,902 [Worker-38] INFO  o.e.m.c.i.embedder.EclipseLogger - skip non existing resourceDirectory /home/ivan/impress-dev/ImpressContext/src/main/resources
2015-12-17 15:10:36,903 [Worker-38] INFO  o.e.m.c.i.embedder.EclipseLogger - Using 'UTF-8' encoding to copy filtered resources.
2015-12-17 15:10:36,904 [Worker-38] INFO  o.e.m.c.i.embedder.EclipseLogger - skip non existing resourceDirectory /home/ivan/impress-dev/ImpressContext/src/test/resources
